app/build/intermediates/manifest_merge_blame_file/debug/manifest-merger-blame-debug-report.txt
1<?xml version="1.0" encoding="utf-8"?>
2<manifest xmlns:android="http://schemas.android.com/apk/res/android"
3    package="com.example.weatherapp"
4    android:versionCode="1"
5    android:versionName="1.0" >
6
7    <uses-sdk
8        android:minSdkVersion="21"
8-->src/main/AndroidManifest.xml
9        android:targetSdkVersion="29" />
9-->src/main/AndroidManifest.xml
10
11    <uses-permission android:name="android.permission.INTERNET" />
11-->src/main/AndroidManifest.xml:5:5-67
11-->src/main/AndroidManifest.xml:5:22-64
12    <uses-permission android:name="android.permission.ACCESS_NETWORK_STATE" />
12-->src/main/AndroidManifest.xml:6:5-79
12-->src/main/AndroidManifest.xml:6:22-76
13    <uses-permission android:name="android.permission.ACCESS_WIFI_STATE" />
13-->src/main/AndroidManifest.xml:7:5-76
13-->src/main/AndroidManifest.xml:7:22-73
14    <uses-permission android:name="android.permission.ACCESS_FINE_LOCATION" />
14-->src/main/AndroidManifest.xml:8:5-79
14-->src/main/AndroidManifest.xml:8:22-76
15    <uses-permission android:name="android.permission.ACCESS_COARSE_LOCATION" />
15-->src/main/AndroidManifest.xml:9:5-81
15-->src/main/AndroidManifest.xml:9:22-78
16
17    <application
17-->src/main/AndroidManifest.xml:11:5-56:19
18        android:allowBackup="true"
18-->src/main/AndroidManifest.xml:12:9-35
19        android:appComponentFactory="androidx.core.app.CoreComponentFactory"
19-->[androidx.core:core:1.1.0] AndroidManifest.xml:24:18-86
20        android:debuggable="true"
21        android:icon="@drawable/ic_weather_partly_snowy_rainy"
21-->src/main/AndroidManifest.xml:13:9-63
22        android:label="@string/app_name"
22-->src/main/AndroidManifest.xml:14:9-41
23        android:networkSecurityConfig="@xml/network_security_config"
23-->src/main/AndroidManifest.xml:15:9-69
24        android:roundIcon="@mipmap/ic_weatherapp_launcher_48px_round"
24-->src/main/AndroidManifest.xml:16:9-70
25        android:supportsRtl="true"
25-->src/main/AndroidManifest.xml:17:9-35
26        android:testOnly="true" >
27        <activity
27-->src/main/AndroidManifest.xml:18:9-23:20
28            android:name="com.example.weatherapp.DetailActivity"
28-->src/main/AndroidManifest.xml:19:13-43
29            android:label="@string/title_activity_detail"
29-->src/main/AndroidManifest.xml:20:13-58
30            android:parentActivityName="com.example.weatherapp.SearchableActivity"
30-->src/main/AndroidManifest.xml:21:13-61
31            android:theme="@style/AppTheme" >
31-->src/main/AndroidManifest.xml:22:13-44
32        </activity>
33        <activity
33-->src/main/AndroidManifest.xml:24:9-32:20
34            android:name="com.example.weatherapp.Splash"
34-->src/main/AndroidManifest.xml:25:13-35
35            android:theme="@style/AppTheme.NoActionBar" >
35-->src/main/AndroidManifest.xml:26:13-56
36            <intent-filter>
36-->src/main/AndroidManifest.xml:27:13-31:29
37                <action android:name="android.intent.action.MAIN" />
37-->src/main/AndroidManifest.xml:28:17-69
37-->src/main/AndroidManifest.xml:28:25-66
38
39                <category android:name="android.intent.category.LAUNCHER" />
39-->src/main/AndroidManifest.xml:30:17-77
39-->src/main/AndroidManifest.xml:30:27-74
40            </intent-filter>
41        </activity>
42        <activity
42-->src/main/AndroidManifest.xml:33:9-41:20
43            android:name="com.example.weatherapp.MainActivity"
43-->src/main/AndroidManifest.xml:34:13-41
44            android:theme="@style/AppTheme" >
44-->src/main/AndroidManifest.xml:35:13-44
45            <intent-filter>
45-->src/main/AndroidManifest.xml:36:13-40:29
46                <action android:name="android.intent.action.MAIN" />
46-->src/main/AndroidManifest.xml:28:17-69
46-->src/main/AndroidManifest.xml:28:25-66
47
48                <category android:name="android.intent.category.DEFAULT" />
48-->src/main/AndroidManifest.xml:39:17-76
48-->src/main/AndroidManifest.xml:39:27-73
49            </intent-filter>
50        </activity>
51        <activity
51-->src/main/AndroidManifest.xml:42:9-55:20
52            android:name="com.example.weatherapp.SearchableActivity"
52-->src/main/AndroidManifest.xml:43:13-47
53            android:label="@string/app_label"
53-->src/main/AndroidManifest.xml:44:13-46
54            android:launchMode="singleTop"
54-->src/main/AndroidManifest.xml:46:13-43
55            android:parentActivityName="com.example.weatherapp.MainActivity"
55-->src/main/AndroidManifest.xml:47:13-55
56            android:theme="@style/AppTheme" >
56-->src/main/AndroidManifest.xml:45:13-44
57            <meta-data
57-->src/main/AndroidManifest.xml:48:13-50:54
58                android:name="android.app.searchable"
58-->src/main/AndroidManifest.xml:49:17-54
59                android:resource="@xml/searchable" />
59-->src/main/AndroidManifest.xml:50:17-51
60
61            <intent-filter>
61-->src/main/AndroidManifest.xml:52:13-54:29
62                <action android:name="android.intent.action.SEARCH" />
62-->src/main/AndroidManifest.xml:53:17-71
62-->src/main/AndroidManifest.xml:53:25-68
63            </intent-filter>
64        </activity>
65        <activity
65-->[com.google.android.gms:play-services-base:17.0.0] AndroidManifest.xml:23:9-26:75
66            android:name="com.google.android.gms.common.api.GoogleApiActivity"
66-->[com.google.android.gms:play-services-base:17.0.0] AndroidManifest.xml:24:13-79
67            android:exported="false"
67-->[com.google.android.gms:play-services-base:17.0.0] AndroidManifest.xml:25:13-37
68            android:theme="@android:style/Theme.Translucent.NoTitleBar" />
68-->[com.google.android.gms:play-services-base:17.0.0] AndroidManifest.xml:26:13-72
69
70        <meta-data
70-->[com.google.android.gms:play-services-basement:17.0.0] AndroidManifest.xml:23:9-25:69
71            android:name="com.google.android.gms.version"
71-->[com.google.android.gms:play-services-basement:17.0.0] AndroidManifest.xml:24:13-58
72            android:value="@integer/google_play_services_version" />
72-->[com.google.android.gms:play-services-basement:17.0.0] AndroidManifest.xml:25:13-66
73
74        <provider
74-->[androidx.lifecycle:lifecycle-process:2.0.0] AndroidManifest.xml:23:9-27:43
75            android:name="androidx.lifecycle.ProcessLifecycleOwnerInitializer"
75-->[androidx.lifecycle:lifecycle-process:2.0.0] AndroidManifest.xml:24:13-79
76            android:authorities="com.example.weatherapp.lifecycle-process"
76-->[androidx.lifecycle:lifecycle-process:2.0.0] AndroidManifest.xml:25:13-69
77            android:exported="false"
77-->[androidx.lifecycle:lifecycle-process:2.0.0] AndroidManifest.xml:26:13-37
78            android:multiprocess="true" />
78-->[androidx.lifecycle:lifecycle-process:2.0.0] AndroidManifest.xml:27:13-40
79    </application>
80
81</manifest>